<?xml version="1.0" encoding="UTF-8"?>
<!-- Generated by org.testng.reporters.JUnitReportReporter -->
<testsuite hostname="LAPTOP-9J15PCB5" failures="0" tests="2" name="testScript.TestScript1" time="4.156" errors="0" timestamp="2024-06-01T10:12:53 IST" skipped="0">
  <testcase classname="testScript.TestScript1" name="loginTest" time="0.907"/>
  <system-out/>
  <testcase classname="testScript.TestScript1" name="dashboardTest" time="3.249"/>
  <system-out/>
</testsuite> <!-- testScript.TestScript1 -->
